{"/workspace/mgrz/github/injects/injects.ts": {"path":"/workspace/mgrz/github/injects/injects.ts","statementMap":{"0":{"start":{"line":3,"column":0},"end":{"line":3,"column":32}},"1":{"start":{"line":10,"column":11},"end":{"line":10,"column":51}},"2":{"start":{"line":24,"column":2},"end":{"line":32,"column":3}},"3":{"start":{"line":25,"column":4},"end":{"line":25,"column":82}},"4":{"start":{"line":26,"column":4},"end":{"line":26,"column":27}},"5":{"start":{"line":27,"column":4},"end":{"line":27,"column":25}},"6":{"start":{"line":29,"column":34},"end":{"line":29,"column":50}},"7":{"start":{"line":30,"column":4},"end":{"line":30,"column":27}},"8":{"start":{"line":31,"column":4},"end":{"line":31,"column":96}},"9":{"start":{"line":33,"column":2},"end":{"line":33,"column":32}},"10":{"start":{"line":22,"column":0},"end":{"line":34,"column":1}},"11":{"start":{"line":47,"column":2},"end":{"line":55,"column":3}},"12":{"start":{"line":48,"column":4},"end":{"line":48,"column":27}},"13":{"start":{"line":50,"column":34},"end":{"line":50,"column":50}},"14":{"start":{"line":51,"column":4},"end":{"line":51,"column":27}},"15":{"start":{"line":52,"column":4},"end":{"line":54,"column":5}},"16":{"start":{"line":53,"column":6},"end":{"line":53,"column":30}},"17":{"start":{"line":56,"column":2},"end":{"line":56,"column":26}},"18":{"start":{"line":45,"column":0},"end":{"line":57,"column":1}},"19":{"start":{"line":68,"column":2},"end":{"line":68,"column":56}},"20":{"start":{"line":68,"column":44},"end":{"line":68,"column":54}},"21":{"start":{"line":67,"column":0},"end":{"line":69,"column":1}},"22":{"start":{"line":79,"column":2},"end":{"line":79,"column":19}},"23":{"start":{"line":78,"column":0},"end":{"line":80,"column":1}},"24":{"start":{"line":88,"column":2},"end":{"line":88,"column":27}},"25":{"start":{"line":87,"column":0},"end":{"line":89,"column":1}}},"fnMap":{"0":{"name":"Injectable","decl":{"start":{"line":22,"column":0},"end":{"line":22,"column":26}},"loc":{"start":{"line":22,"column":78},"end":{"line":34,"column":1}}},"1":{"name":"inject","decl":{"start":{"line":45,"column":0},"end":{"line":45,"column":22}},"loc":{"start":{"line":45,"column":58},"end":{"line":57,"column":1}}},"2":{"name":"exists","decl":{"start":{"line":67,"column":0},"end":{"line":67,"column":22}},"loc":{"start":{"line":67,"column":35},"end":{"line":69,"column":1}}},"3":{"name":"(anonymous_3)","decl":{"start":{"line":68,"column":39},"end":{"line":68,"column":40}},"loc":{"start":{"line":68,"column":44},"end":{"line":68,"column":54}}},"4":{"name":"resetInjectables","decl":{"start":{"line":78,"column":0},"end":{"line":null,"column":-1}},"loc":{"start":{"line":78,"column":0},"end":{"line":80,"column":1}}},"5":{"name":"resetInjectable","decl":{"start":{"line":87,"column":0},"end":{"line":87,"column":31}},"loc":{"start":{"line":87,"column":44},"end":{"line":89,"column":1}}}},"branchMap":{"0":{"loc":{"start":{"line":24,"column":2},"end":{"line":32,"column":3}},"type":"if","locations":[{"start":{"line":24,"column":2},"end":{"line":32,"column":3}},{"start":{"line":24,"column":2},"end":{"line":32,"column":3}}]},"1":{"loc":{"start":{"line":31,"column":28},"end":{"line":31,"column":36}},"type":"cond-expr","locations":[{"start":{"line":31,"column":28},"end":{"line":31,"column":36}},{"start":{"line":31,"column":39},"end":{"line":31,"column":95}}]},"2":{"loc":{"start":{"line":47,"column":2},"end":{"line":55,"column":3}},"type":"if","locations":[{"start":{"line":47,"column":2},"end":{"line":55,"column":3}},{"start":{"line":47,"column":2},"end":{"line":55,"column":3}}]},"3":{"loc":{"start":{"line":52,"column":4},"end":{"line":54,"column":5}},"type":"if","locations":[{"start":{"line":52,"column":4},"end":{"line":54,"column":5}},{"start":{"line":52,"column":4},"end":{"line":54,"column":5}}]}},"s":{"0":1,"1":1,"2":16,"3":4,"4":3,"5":3,"6":12,"7":12,"8":12,"9":15,"10":1,"11":9,"12":3,"13":6,"14":6,"15":6,"16":1,"17":9,"18":1,"19":34,"20":23,"21":1,"22":13,"23":1,"24":1,"25":1},"f":{"0":16,"1":9,"2":34,"3":23,"4":13,"5":1},"b":{"0":[4,12],"1":[1,11],"2":[3,6],"3":[1,5]}}
}
